c:\users\jap asus zen\desktop\lab 3d\ray_tracers\interactive_distributionrt\distributionraytracer\x64\debug\vc142.pdb
c:\users\jap asus zen\desktop\lab 3d\ray_tracers\interactive_distributionrt\distributionraytracer\x64\debug\vc142.idb
c:\users\jap asus zen\desktop\lab 3d\ray_tracers\interactive_distributionrt\distributionraytracer\x64\debug\vector.obj
c:\users\jap asus zen\desktop\lab 3d\ray_tracers\interactive_distributionrt\distributionraytracer\x64\debug\scene.obj
c:\users\jap asus zen\desktop\lab 3d\ray_tracers\interactive_distributionrt\distributionraytracer\x64\debug\sampler.obj
c:\users\jap asus zen\desktop\lab 3d\ray_tracers\interactive_distributionrt\distributionraytracer\x64\debug\main.obj
c:\users\jap asus zen\desktop\lab 3d\ray_tracers\interactive_distributionrt\distributionraytracer\x64\debug\grid.obj
c:\users\jap asus zen\desktop\lab 3d\ray_tracers\interactive_distributionrt\distributionraytracer\x64\debug\boundingbox.obj
c:\users\jap asus zen\desktop\lab 3d\ray_tracers\interactive_distributionrt\x64\debug\distributionraytracer.exe
c:\users\jap asus zen\desktop\lab 3d\ray_tracers\interactive_distributionrt\x64\debug\distributionraytracer.ilk
c:\users\jap asus zen\desktop\lab 3d\ray_tracers\interactive_distributionrt\x64\debug\distributionraytracer.pdb
c:\users\jap\dropbox\jap\ist\cadeiras\lab 3d\ray-tracers code\interactive_distributionrt\distributionraytracer\x64\debug\grid.obj
c:\users\jap\dropbox\jap\ist\cadeiras\lab 3d\ray-tracers code\interactive_distributionrt\distributionraytracer\x64\debug\main.obj
c:\users\jap\dropbox\jap\ist\cadeiras\lab 3d\ray-tracers code\interactive_distributionrt\distributionraytracer\x64\debug\sampler.obj
c:\users\jap\dropbox\jap\ist\cadeiras\lab 3d\ray-tracers code\interactive_distributionrt\distributionraytracer\x64\debug\scene.obj
c:\users\jap\dropbox\jap\ist\cadeiras\lab 3d\ray-tracers code\interactive_distributionrt\distributionraytracer\x64\debug\vector.obj
c:\users\jap\dropbox\jap\ist\cadeiras\lab 3d\ray-tracers code\interactive_distributionrt\distributionraytracer\x64\debug\vc142.idb
c:\users\jap\dropbox\jap\ist\cadeiras\lab 3d\ray-tracers code\interactive_distributionrt\distributionraytracer\x64\debug\vc143.idb
c:\users\jap\dropbox\jap\ist\cadeiras\lab 3d\ray-tracers code\interactive_distributionrt\distributionraytracer\x64\debug\vc142.pdb
c:\users\jap\dropbox\jap\ist\cadeiras\lab 3d\ray-tracers code\interactive_distributionrt\distributionraytracer\x64\debug\vc143.pdb
c:\users\jap\dropbox\jap\ist\cadeiras\lab 3d\ray-tracers code\interactive_distributionrt\x64\debug\distributionraytracer.pdb
c:\users\jap\dropbox\jap\ist\cadeiras\lab 3d\ray-tracers code\interactive_distributionrt\x64\debug\distributionraytracer.exe
c:\users\jap\dropbox\jap\ist\cadeiras\lab 3d\ray-tracers code\interactive_distributionrt\x64\debug\distributionraytracer.ilk
c:\users\jap\dropbox\jap\ist\cadeiras\lab 3d\ray-tracers code\interactive_distributionrt\distributionraytracer\x64\debug\distribu.51f7bcc5.tlog\cl.command.1.tlog
c:\users\jap\dropbox\jap\ist\cadeiras\lab 3d\ray-tracers code\interactive_distributionrt\distributionraytracer\x64\debug\distribu.51f7bcc5.tlog\cl.read.1.tlog
c:\users\jap\dropbox\jap\ist\cadeiras\lab 3d\ray-tracers code\interactive_distributionrt\distributionraytracer\x64\debug\distribu.51f7bcc5.tlog\cl.write.1.tlog
c:\users\jap\dropbox\jap\ist\cadeiras\lab 3d\ray-tracers code\interactive_distributionrt\distributionraytracer\x64\debug\distribu.51f7bcc5.tlog\link.command.1.tlog
c:\users\jap\dropbox\jap\ist\cadeiras\lab 3d\ray-tracers code\interactive_distributionrt\distributionraytracer\x64\debug\distribu.51f7bcc5.tlog\link.read.1.tlog
c:\users\jap\dropbox\jap\ist\cadeiras\lab 3d\ray-tracers code\interactive_distributionrt\distributionraytracer\x64\debug\distribu.51f7bcc5.tlog\link.write.1.tlog
